In file included from [01m[K/home/student/LJ2_P4_ROS_Groep1/universal_robots_ws/src/my_universal_robots/image_processor/image_processor/src/image_processor.cpp:1:0[m[K:
[01m[K/home/student/LJ2_P4_ROS_Groep1/universal_robots_ws/src/my_universal_robots/image_processor/image_processor/include/image_processor/image_processor.h:33:2:[m[K [01;31m[Kerror: [m[Kâ€˜[01m[Kreturnarr[m[Kâ€™ does not name a type
  [01;31m[Kreturnarr[m[K;
  [01;31m[K^~~~~~~~~[m[K
make[2]: *** [CMakeFiles/image_processor_node.dir/src/image_processor.cpp.o] Error 1
make[2]: *** Waiting for unfinished jobs....
In file included from [01m[K/home/student/LJ2_P4_ROS_Groep1/universal_robots_ws/src/my_universal_robots/image_processor/image_processor/include/image_processor/image_processor_node.h:15:0[m[K,
                 from [01m[K/home/student/LJ2_P4_ROS_Groep1/universal_robots_ws/src/my_universal_robots/image_processor/image_processor/src/image_processor_node.cpp:3[m[K:
[01m[K/home/student/LJ2_P4_ROS_Groep1/universal_robots_ws/src/my_universal_robots/image_processor/image_processor/include/image_processor/image_processor.h:33:2:[m[K [01;31m[Kerror: [m[Kâ€˜[01m[Kreturnarr[m[Kâ€™ does not name a type
  [01;31m[Kreturnarr[m[K;
  [01;31m[K^~~~~~~~~[m[K
make[2]: *** [CMakeFiles/image_processor_node.dir/src/image_processor_node.cpp.o] Error 1
make[1]: *** [CMakeFiles/image_processor_node.dir/all] Error 2
make: *** [all] Error 2
