[01m[K/home/student/LJ2_P4_ROS_Groep1/universal_robots_ws/src/my_universal_robots/image_processor/image_processor/src/image_processor.cpp:[m[K In member function â€˜[01m[Kvoid ImageProcessor::process()[m[Kâ€™:
[01m[K/home/student/LJ2_P4_ROS_Groep1/universal_robots_ws/src/my_universal_robots/image_processor/image_processor/src/image_processor.cpp:252:13:[m[K [01;31m[Kerror: [m[Kredeclaration of â€˜[01m[Kcv::Mat mask1[m[Kâ€™
     cv::Mat [01;31m[Kmask1[m[K , mask2;
             [01;31m[K^~~~~[m[K
[01m[K/home/student/LJ2_P4_ROS_Groep1/universal_robots_ws/src/my_universal_robots/image_processor/image_processor/src/image_processor.cpp:241:13:[m[K [01;36m[Knote: [m[Kâ€˜[01m[Kcv::Mat mask1[m[Kâ€™ previously declared here
     cv::Mat [01;36m[Kmask1[m[K , mask2;
             [01;36m[K^~~~~[m[K
[01m[K/home/student/LJ2_P4_ROS_Groep1/universal_robots_ws/src/my_universal_robots/image_processor/image_processor/src/image_processor.cpp:252:21:[m[K [01;31m[Kerror: [m[Kredeclaration of â€˜[01m[Kcv::Mat mask2[m[Kâ€™
     cv::Mat mask1 , [01;31m[Kmask2[m[K;
                     [01;31m[K^~~~~[m[K
[01m[K/home/student/LJ2_P4_ROS_Groep1/universal_robots_ws/src/my_universal_robots/image_processor/image_processor/src/image_processor.cpp:241:21:[m[K [01;36m[Knote: [m[Kâ€˜[01m[Kcv::Mat mask2[m[Kâ€™ previously declared here
     cv::Mat mask1 , [01;36m[Kmask2[m[K;
                     [01;36m[K^~~~~[m[K
make[2]: *** [CMakeFiles/image_processor_node.dir/src/image_processor.cpp.o] Error 1
make[1]: *** [CMakeFiles/image_processor_node.dir/all] Error 2
make: *** [all] Error 2
