[35m[1mScanning dependencies of target image_processor_node[0m
[ 33%] [32mBuilding CXX object CMakeFiles/image_processor_node.dir/src/image_processor_node.cpp.o[0m
[01m[K/home/student/LJ2_P4_ROS_Groep1/universal_robots_ws/src/my_universal_robots/image_processor/image_processor/src/image_processor_node.cpp:[m[K In member function â€˜[01m[Kvoid ImageProcessorRos::publish()[m[Kâ€™:
[01m[K/home/student/LJ2_P4_ROS_Groep1/universal_robots_ws/src/my_universal_robots/image_processor/image_processor/src/image_processor_node.cpp:123:27:[m[K [01;31m[Kerror: [m[Kâ€˜[01m[Kvisionpose[m[Kâ€™ was not declared in this scope
       pub_positie.publish([01;31m[Kvisionpose[m[K);
                           [01;31m[K^~~~~~~~~~[m[K
[01m[K/home/student/LJ2_P4_ROS_Groep1/universal_robots_ws/src/my_universal_robots/image_processor/image_processor/src/image_processor_node.cpp:123:27:[m[K [01;36m[Knote: [m[Ksuggested alternative: â€˜[01m[K__sincosl[m[Kâ€™
       pub_positie.publish([01;36m[Kvisionpose[m[K);
                           [01;36m[K^~~~~~~~~~[m[K
                           [32m[K__sincosl[m[K
CMakeFiles/image_processor_node.dir/build.make:86: recipe for target 'CMakeFiles/image_processor_node.dir/src/image_processor_node.cpp.o' failed
make[2]: *** [CMakeFiles/image_processor_node.dir/src/image_processor_node.cpp.o] Error 1
make[1]: *** [CMakeFiles/image_processor_node.dir/all] Error 2
CMakeFiles/Makefile2:995: recipe for target 'CMakeFiles/image_processor_node.dir/all' failed
Makefile:140: recipe for target 'all' failed
make: *** [all] Error 2
