[01m[K/home/student/LJ2_P4_ROS_Groep1/universal_robots_ws/src/my_universal_robots/image_processor/image_processor/src/image_processor.cpp:[m[K In member function â€˜[01m[Kvoid ImageProcessor::process()[m[Kâ€™:
[01m[K/home/student/LJ2_P4_ROS_Groep1/universal_robots_ws/src/my_universal_robots/image_processor/image_processor/src/image_processor.cpp:220:17:[m[K [01;31m[Kerror: [m[Kâ€˜[01m[Krows[m[Kâ€™ was not declared in this scope
 cv::Mat whiteim([01;31m[Krows[m[K, cols, CV_8U, cv::Scalar(255, 255, 255));
                 [01;31m[K^~~~[m[K
[01m[K/home/student/LJ2_P4_ROS_Groep1/universal_robots_ws/src/my_universal_robots/image_processor/image_processor/src/image_processor.cpp:220:17:[m[K [01;36m[Knote: [m[Ksuggested alternative: â€˜[01m[Kpowl[m[Kâ€™
 cv::Mat whiteim([01;36m[Krows[m[K, cols, CV_8U, cv::Scalar(255, 255, 255));
                 [01;36m[K^~~~[m[K
                 [32m[Kpowl[m[K
[01m[K/home/student/LJ2_P4_ROS_Groep1/universal_robots_ws/src/my_universal_robots/image_processor/image_processor/src/image_processor.cpp:220:23:[m[K [01;31m[Kerror: [m[Kâ€˜[01m[Kcols[m[Kâ€™ was not declared in this scope
 cv::Mat whiteim(rows, [01;31m[Kcols[m[K, CV_8U, cv::Scalar(255, 255, 255));
                       [01;31m[K^~~~[m[K
[01m[K/home/student/LJ2_P4_ROS_Groep1/universal_robots_ws/src/my_universal_robots/image_processor/image_processor/src/image_processor.cpp:220:23:[m[K [01;36m[Knote: [m[Ksuggested alternative: â€˜[01m[Kcos[m[Kâ€™
 cv::Mat whiteim(rows, [01;36m[Kcols[m[K, CV_8U, cv::Scalar(255, 255, 255));
                       [01;36m[K^~~~[m[K
                       [32m[Kcos[m[K
make[2]: *** [CMakeFiles/image_processor_node.dir/src/image_processor.cpp.o] Error 1
make[1]: *** [CMakeFiles/image_processor_node.dir/all] Error 2
make: *** [all] Error 2
