[35m[1mScanning dependencies of target image_processor_node[0m
[ 33%] [32mBuilding CXX object CMakeFiles/image_processor_node.dir/src/image_processor.cpp.o[0m
[01m[K/home/student/LJ2_P4_ROS_Groep1/universal_robots_ws/src/my_universal_robots/image_processor/image_processor/src/image_processor.cpp:[m[K In member function â€˜[01m[Kvoid ImageProcessor::process()[m[Kâ€™:
[01m[K/home/student/LJ2_P4_ROS_Groep1/universal_robots_ws/src/my_universal_robots/image_processor/image_processor/src/image_processor.cpp:53:9:[m[K [01;31m[Kerror: [m[Kâ€˜[01m[Kcv_mat_out_[m[Kâ€™ is not a member of â€˜[01m[Kcv[m[Kâ€™
     cv::[01;31m[Kcv_mat_out_[m[K(cv_mat_out_, cv::Scalar(100, 100, 0, 0), cv::Scalar(180, 255, 255, 0), imgThreshold);
         [01;31m[K^~~~~~~~~~~[m[K
CMakeFiles/image_processor_node.dir/build.make:62: recipe for target 'CMakeFiles/image_processor_node.dir/src/image_processor.cpp.o' failed
make[2]: *** [CMakeFiles/image_processor_node.dir/src/image_processor.cpp.o] Error 1
CMakeFiles/Makefile2:995: recipe for target 'CMakeFiles/image_processor_node.dir/all' failed
make[1]: *** [CMakeFiles/image_processor_node.dir/all] Error 2
Makefile:140: recipe for target 'all' failed
make: *** [all] Error 2
