[01m[K/home/student/LJ2_P4_ROS_Groep1/universal_robots_ws/src/my_universal_robots/image_processor/image_processor/src/image_processor.cpp:[m[K In member function â€˜[01m[Kvoid ImageProcessor::process()[m[Kâ€™:
[01m[K/home/student/LJ2_P4_ROS_Groep1/universal_robots_ws/src/my_universal_robots/image_processor/image_processor/src/image_processor.cpp:170:90:[m[K [01;31m[Kerror: [m[Kâ€˜[01m[Kyellow2[m[Kâ€™ was not declared in this scope
                 inRange(cv_mat_out_, cv::Scalar(20, 100, 100), cv::Scalar(30, 255, 255), [01;31m[Kyellow2[m[K);
                                                                                          [01;31m[K^~~~~~~[m[K
make[2]: *** [CMakeFiles/image_processor_node.dir/src/image_processor.cpp.o] Error 1
make[1]: *** [CMakeFiles/image_processor_node.dir/all] Error 2
make: *** [all] Error 2
