[01m[K/home/student/LJ2_P4_ROS_Groep1/universal_robots_ws/src/my_universal_robots/image_processor/image_processor/src/image_processor.cpp:[m[K In member function â€˜[01m[Kvoid ImageProcessor::process()[m[Kâ€™:
[01m[K/home/student/LJ2_P4_ROS_Groep1/universal_robots_ws/src/my_universal_robots/image_processor/image_processor/src/image_processor.cpp:171:17:[m[K [01;31m[Kerror: [m[Kexpected initializer before â€˜[01m[KInRangeS[m[Kâ€™
                 [01;31m[KInRangeS[m[K(cv_mat_out_, cv::Scalar(20, 100, 100), cv::Scalar(30, 255, 255), yellow)
                 [01;31m[K^~~~~~~~[m[K
[01m[K/home/student/LJ2_P4_ROS_Groep1/universal_robots_ws/src/my_universal_robots/image_processor/image_processor/src/image_processor.cpp:182:29:[m[K [01;31m[Kerror: [m[Kâ€˜[01m[Kbw1[m[Kâ€™ was not declared in this scope
                             [01;31m[Kbw1[m[K = white;
                             [01;31m[K^~~[m[K
[01m[K/home/student/LJ2_P4_ROS_Groep1/universal_robots_ws/src/my_universal_robots/image_processor/image_processor/src/image_processor.cpp:186:29:[m[K [01;31m[Kerror: [m[Kâ€˜[01m[Kbw1[m[Kâ€™ was not declared in this scope
                             [01;31m[Kbw1[m[K= red;
                             [01;31m[K^~~[m[K
[01m[K/home/student/LJ2_P4_ROS_Groep1/universal_robots_ws/src/my_universal_robots/image_processor/image_processor/src/image_processor.cpp:190:29:[m[K [01;31m[Kerror: [m[Kâ€˜[01m[Kbw1[m[Kâ€™ was not declared in this scope
                             [01;31m[Kbw1[m[K = yellow;
                             [01;31m[K^~~[m[K
[01m[K/home/student/LJ2_P4_ROS_Groep1/universal_robots_ws/src/my_universal_robots/image_processor/image_processor/src/image_processor.cpp:190:35:[m[K [01;31m[Kerror: [m[Kâ€˜[01m[Kyellow[m[Kâ€™ was not declared in this scope
                             bw1 = [01;31m[Kyellow[m[K;
                                   [01;31m[K^~~~~~[m[K
[01m[K/home/student/LJ2_P4_ROS_Groep1/universal_robots_ws/src/my_universal_robots/image_processor/image_processor/src/image_processor.cpp:190:35:[m[K [01;36m[Knote: [m[Ksuggested alternative: â€˜[01m[Kftello[m[Kâ€™
                             bw1 = [01;36m[Kyellow[m[K;
                                   [01;36m[K^~~~~~[m[K
                                   [32m[Kftello[m[K
[01m[K/home/student/LJ2_P4_ROS_Groep1/universal_robots_ws/src/my_universal_robots/image_processor/image_processor/src/image_processor.cpp:194:40:[m[K [01;31m[Kerror: [m[Kâ€˜[01m[Kbw1[m[Kâ€™ was not declared in this scope
                           findContours([01;31m[Kbw1[m[K, contours1, RETR_LIST, CHAIN_APPROX_NONE);
                                        [01;31m[K^~~[m[K
make[2]: *** [CMakeFiles/image_processor_node.dir/src/image_processor.cpp.o] Error 1
make[1]: *** [CMakeFiles/image_processor_node.dir/all] Error 2
make: *** [all] Error 2
