[01m[K/home/student/LJ2_P4_ROS_Groep1/universal_robots_ws/src/my_universal_robots/image_processor/image_processor/src/image_processor_node.cpp:[m[K In member function â€˜[01m[Kvoid ImageProcessorRos::publish()[m[Kâ€™:
[01m[K/home/student/LJ2_P4_ROS_Groep1/universal_robots_ws/src/my_universal_robots/image_processor/image_processor/src/image_processor_node.cpp:93:3:[m[K [01;31m[Kerror: [m[Kâ€˜[01m[Kcircle_center[m[Kâ€™ was not declared in this scope
   [01;31m[Kcircle_center[m[K = imgp.getCircleCenter();
   [01;31m[K^~~~~~~~~~~~~[m[K
[01m[K/home/student/LJ2_P4_ROS_Groep1/universal_robots_ws/src/my_universal_robots/image_processor/image_processor/src/image_processor_node.cpp:93:3:[m[K [01;36m[Knote: [m[Ksuggested alternative: â€˜[01m[Kcircle_center_pub[m[Kâ€™
   [01;36m[Kcircle_center[m[K = imgp.getCircleCenter();
   [01;36m[K^~~~~~~~~~~~~[m[K
   [32m[Kcircle_center_pub[m[K
make[2]: *** [CMakeFiles/image_processor_node.dir/src/image_processor_node.cpp.o] Error 1
make[1]: *** [CMakeFiles/image_processor_node.dir/all] Error 2
make: *** [all] Error 2
