[01m[K/home/student/LJ2_P4_ROS_Groep1/universal_robots_ws/src/my_universal_robots/image_processor/image_processor/src/image_processor.cpp:[m[K In member function â€˜[01m[Kvoid ImageProcessor::process()[m[Kâ€™:
[01m[K/home/student/LJ2_P4_ROS_Groep1/universal_robots_ws/src/my_universal_robots/image_processor/image_processor/src/image_processor.cpp:121:36:[m[K [01;31m[Kerror: [m[Kâ€˜[01m[KScalar[m[Kâ€™ was not declared in this scope
    cv::Mat red(500, 1000, CV_8UC3, [01;31m[KScalar[m[K(0,0, 100));
                                    [01;31m[K^~~~~~[m[K
[01m[K/home/student/LJ2_P4_ROS_Groep1/universal_robots_ws/src/my_universal_robots/image_processor/image_processor/src/image_processor.cpp:121:36:[m[K [01;36m[Knote: [m[Ksuggested alternative:
In file included from [01m[K/usr/include/opencv2/core.hpp:58:0[m[K,
                 from [01m[K/usr/include/opencv2/opencv.hpp:52[m[K,
                 from [01m[K/home/student/LJ2_P4_ROS_Groep1/universal_robots_ws/src/my_universal_robots/image_processor/image_processor/include/image_processor/image_processor.h:4[m[K,
                 from [01m[K/home/student/LJ2_P4_ROS_Groep1/universal_robots_ws/src/my_universal_robots/image_processor/image_processor/src/image_processor.cpp:1[m[K:
[01m[K/usr/include/opencv2/core/types.hpp:606:25:[m[K [01;36m[Knote: [m[K  â€˜[01m[Kcv::Scalar[m[Kâ€™
 typedef Scalar_<double> [01;36m[KScalar[m[K;
                         [01;36m[K^~~~~~[m[K
[01m[K/home/student/LJ2_P4_ROS_Groep1/universal_robots_ws/src/my_universal_robots/image_processor/image_processor/src/image_processor.cpp:126:12:[m[K [01;31m[Kerror: [m[Kredeclaration of â€˜[01m[Kcv::Mat blue[m[Kâ€™
    cv::Mat [01;31m[Kblue[m[K, green, red;
            [01;31m[K^~~~[m[K
[01m[K/home/student/LJ2_P4_ROS_Groep1/universal_robots_ws/src/my_universal_robots/image_processor/image_processor/src/image_processor.cpp:123:12:[m[K [01;36m[Knote: [m[Kâ€˜[01m[Kcv::Mat blue[m[Kâ€™ previously declared here
    cv::Mat [01;36m[Kblue[m[K(500, 1000, CV_8UC3, Scalar(0,0, 100));
            [01;36m[K^~~~[m[K
[01m[K/home/student/LJ2_P4_ROS_Groep1/universal_robots_ws/src/my_universal_robots/image_processor/image_processor/src/image_processor.cpp:126:18:[m[K [01;31m[Kerror: [m[Kredeclaration of â€˜[01m[Kcv::Mat green[m[Kâ€™
    cv::Mat blue, [01;31m[Kgreen[m[K, red;
                  [01;31m[K^~~~~[m[K
[01m[K/home/student/LJ2_P4_ROS_Groep1/universal_robots_ws/src/my_universal_robots/image_processor/image_processor/src/image_processor.cpp:122:12:[m[K [01;36m[Knote: [m[Kâ€˜[01m[Kcv::Mat green[m[Kâ€™ previously declared here
    cv::Mat [01;36m[Kgreen[m[K(500, 1000, CV_8UC3, Scalar(0,0, 100));
            [01;36m[K^~~~~[m[K
[01m[K/home/student/LJ2_P4_ROS_Groep1/universal_robots_ws/src/my_universal_robots/image_processor/image_processor/src/image_processor.cpp:126:25:[m[K [01;31m[Kerror: [m[Kredeclaration of â€˜[01m[Kcv::Mat red[m[Kâ€™
    cv::Mat blue, green, [01;31m[Kred[m[K;
                         [01;31m[K^~~[m[K
[01m[K/home/student/LJ2_P4_ROS_Groep1/universal_robots_ws/src/my_universal_robots/image_processor/image_processor/src/image_processor.cpp:121:12:[m[K [01;36m[Knote: [m[Kâ€˜[01m[Kcv::Mat red[m[Kâ€™ previously declared here
    cv::Mat [01;36m[Kred[m[K(500, 1000, CV_8UC3, Scalar(0,0, 100));
            [01;36m[K^~~[m[K
make[2]: *** [CMakeFiles/image_processor_node.dir/src/image_processor.cpp.o] Error 1
make[1]: *** [CMakeFiles/image_processor_node.dir/all] Error 2
make: *** [all] Error 2
