[01m[K/home/student/LJ2_P4_ROS_Groep1/universal_robots_ws/src/my_universal_robots/image_processor/image_processor/src/image_processor.cpp:[m[K In member function â€˜[01m[Kvoid ImageProcessor::process()[m[Kâ€™:
[01m[K/home/student/LJ2_P4_ROS_Groep1/universal_robots_ws/src/my_universal_robots/image_processor/image_processor/src/image_processor.cpp:224:1:[m[K [01;31m[Kerror: [m[Ka function-definition is not allowed here before â€˜[01m[K{[m[Kâ€™ token
 [01;31m[K{[m[K
 [01;31m[K^[m[K
[01m[K/home/student/LJ2_P4_ROS_Groep1/universal_robots_ws/src/my_universal_robots/image_processor/image_processor/src/image_processor.cpp:244:5:[m[K [01;31m[Kerror: [m[Kexpected initializer before â€˜[01m[Kint[m[Kâ€™
     [01;31m[Kint[m[K sz = static_cast<int>(pts.size());
     [01;31m[K^~~[m[K
[01m[K/home/student/LJ2_P4_ROS_Groep1/universal_robots_ws/src/my_universal_robots/image_processor/image_processor/src/image_processor.cpp:245:24:[m[K [01;31m[Kerror: [m[Kâ€˜[01m[Ksz[m[Kâ€™ was not declared in this scope
     Mat data_pts = Mat([01;31m[Ksz[m[K, 2, CV_64F);
                        [01;31m[K^~[m[K
[01m[K/home/student/LJ2_P4_ROS_Groep1/universal_robots_ws/src/my_universal_robots/image_processor/image_processor/src/image_processor.cpp:248:37:[m[K [01;31m[Kerror: [m[Kâ€˜[01m[Kpts[m[Kâ€™ was not declared in this scope
         data_pts.at<double>(i, 0) = [01;31m[Kpts[m[K[i].x;
                                     [01;31m[K^~~[m[K
[01m[K/home/student/LJ2_P4_ROS_Groep1/universal_robots_ws/src/my_universal_robots/image_processor/image_processor/src/image_processor.cpp:248:37:[m[K [01;36m[Knote: [m[Ksuggested alternative: â€˜[01m[Kputs[m[Kâ€™
         data_pts.at<double>(i, 0) = [01;36m[Kpts[m[K[i].x;
                                     [01;36m[K^~~[m[K
                                     [32m[Kputs[m[K
[01m[K/home/student/LJ2_P4_ROS_Groep1/universal_robots_ws/src/my_universal_robots/image_processor/image_processor/src/image_processor.cpp:274:5:[m[K [01;31m[Kerror: [m[Kâ€˜[01m[KdrawAxis[m[Kâ€™ was not declared in this scope
     [01;31m[KdrawAxis[m[K(cv_mat_out_, cntr, p1, Scalar(0, 255, 0), 1);
     [01;31m[K^~~~~~~~[m[K
[01m[K/home/student/LJ2_P4_ROS_Groep1/universal_robots_ws/src/my_universal_robots/image_processor/image_processor/src/image_processor.cpp:284:12:[m[K [01;31m[Kerror: [m[Kredeclaration of â€˜[01m[Kdouble angle[m[Kâ€™
     double [01;31m[Kangle[m[K;
            [01;31m[K^~~~~[m[K
[01m[K/home/student/LJ2_P4_ROS_Groep1/universal_robots_ws/src/my_universal_robots/image_processor/image_processor/src/image_processor.cpp:276:12:[m[K [01;36m[Knote: [m[Kâ€˜[01m[Kdouble angle[m[Kâ€™ previously declared here
     double [01;36m[Kangle[m[K = atan2(eigen_vecs[0].y, eigen_vecs[0].x); // orientation in radians
            [01;36m[K^~~~~[m[K
make[2]: *** [CMakeFiles/image_processor_node.dir/src/image_processor.cpp.o] Error 1
make[1]: *** [CMakeFiles/image_processor_node.dir/all] Error 2
make: *** [all] Error 2
