[01m[K/home/student/LJ2_P4_ROS_Groep1/universal_robots_ws/src/my_universal_robots/image_processor/image_processor/src/image_processor.cpp:[m[K In member function â€˜[01m[Kvoid ImageProcessor::process()[m[Kâ€™:
[01m[K/home/student/LJ2_P4_ROS_Groep1/universal_robots_ws/src/my_universal_robots/image_processor/image_processor/src/image_processor.cpp:185:35:[m[K [01;31m[Kerror: [m[Kâ€˜[01m[Kwhite[m[Kâ€™ was not declared in this scope
                             bw1 = [01;31m[Kwhite[m[K;
                                   [01;31m[K^~~~~[m[K
[01m[K/home/student/LJ2_P4_ROS_Groep1/universal_robots_ws/src/my_universal_robots/image_processor/image_processor/src/image_processor.cpp:185:35:[m[K [01;36m[Knote: [m[Ksuggested alternative: â€˜[01m[Kfwrite[m[Kâ€™
                             bw1 = [01;36m[Kwhite[m[K;
                                   [01;36m[K^~~~~[m[K
                                   [32m[Kfwrite[m[K
[01m[K/home/student/LJ2_P4_ROS_Groep1/universal_robots_ws/src/my_universal_robots/image_processor/image_processor/src/image_processor.cpp:189:34:[m[K [01;31m[Kerror: [m[Kâ€˜[01m[Kred[m[Kâ€™ was not declared in this scope
                             bw1= [01;31m[Kred[m[K;
                                  [01;31m[K^~~[m[K
[01m[K/home/student/LJ2_P4_ROS_Groep1/universal_robots_ws/src/my_universal_robots/image_processor/image_processor/src/image_processor.cpp:189:34:[m[K [01;36m[Knote: [m[Ksuggested alternative: â€˜[01m[Kdrem[m[Kâ€™
                             bw1= [01;36m[Kred[m[K;
                                  [01;36m[K^~~[m[K
                                  [32m[Kdrem[m[K
make[2]: *** [CMakeFiles/image_processor_node.dir/src/image_processor.cpp.o] Error 1
make[1]: *** [CMakeFiles/image_processor_node.dir/all] Error 2
make: *** [all] Error 2
