[35m[1mScanning dependencies of target image_processor_node[0m
[ 33%] [32mBuilding CXX object CMakeFiles/image_processor_node.dir/src/image_processor.cpp.o[0m
[01m[K/home/student/LJ2_P4_ROS_Groep1/universal_robots_ws/src/my_universal_robots/image_processor/image_processor/src/image_processor.cpp:[m[K In member function â€˜[01m[Kvoid ImageProcessor::process()[m[Kâ€™:
[01m[K/home/student/LJ2_P4_ROS_Groep1/universal_robots_ws/src/my_universal_robots/image_processor/image_processor/src/image_processor.cpp:100:72:[m[K [01;31m[Kerror: [m[Kâ€˜[01m[Kmask1[m[Kâ€™ was not declared in this scope
     inRange(cv_mat_out_, cv::Scalar(0, 65, 75), cv::Scalar(1, 70, 80), [01;31m[Kmask1[m[K);
                                                                        [01;31m[K^~~~~[m[K
[01m[K/home/student/LJ2_P4_ROS_Groep1/universal_robots_ws/src/my_universal_robots/image_processor/image_processor/src/image_processor.cpp:101:78:[m[K [01;31m[Kerror: [m[Kâ€˜[01m[Kmask2[m[Kâ€™ was not declared in this scope
     inRange(cv_mat_out_, cv::Scalar(100, 90, 70), cv::Scalar(120, 255, 255), [01;31m[Kmask2[m[K);
                                                                              [01;31m[K^~~~~[m[K
[01m[K/home/student/LJ2_P4_ROS_Groep1/universal_robots_ws/src/my_universal_robots/image_processor/image_processor/src/image_processor.cpp:101:78:[m[K [01;36m[Knote: [m[Ksuggested alternative: â€˜[01m[Kfmaf32[m[Kâ€™
     inRange(cv_mat_out_, cv::Scalar(100, 90, 70), cv::Scalar(120, 255, 255), [01;36m[Kmask2[m[K);
                                                                              [01;36m[K^~~~~[m[K
                                                                              [32m[Kfmaf32[m[K
CMakeFiles/image_processor_node.dir/build.make:62: recipe for target 'CMakeFiles/image_processor_node.dir/src/image_processor.cpp.o' failed
CMakeFiles/Makefile2:995: recipe for target 'CMakeFiles/image_processor_node.dir/all' failed
Makefile:140: recipe for target 'all' failed
make[2]: *** [CMakeFiles/image_processor_node.dir/src/image_processor.cpp.o] Error 1
make[1]: *** [CMakeFiles/image_processor_node.dir/all] Error 2
make: *** [all] Error 2
