[01m[K/home/student/LJ2_P4_ROS_Groep1/universal_robots_ws/src/my_universal_robots/image_processor/image_processor/src/image_processor.cpp:26:8:[m[K [01;31m[Kerror: [m[Kâ€˜[01m[Kdouble y0[m[Kâ€™ redeclared as different kind of symbol
 double [01;31m[Ky0[m[K;
        [01;31m[K^~[m[K
In file included from [01m[K/usr/include/features.h:424:0[m[K,
                 from [01m[K/usr/include/x86_64-linux-gnu/bits/libc-header-start.h:33[m[K,
                 from [01m[K/usr/include/limits.h:26[m[K,
                 from [01m[K/usr/lib/gcc/x86_64-linux-gnu/7/include-fixed/limits.h:194[m[K,
                 from [01m[K/usr/lib/gcc/x86_64-linux-gnu/7/include-fixed/syslimits.h:7[m[K,
                 from [01m[K/usr/lib/gcc/x86_64-linux-gnu/7/include-fixed/limits.h:34[m[K,
                 from [01m[K/usr/include/opencv2/core/cvdef.h:66[m[K,
                 from [01m[K/usr/include/opencv2/core.hpp:52[m[K,
                 from [01m[K/usr/include/opencv2/opencv.hpp:52[m[K,
                 from [01m[K/home/student/LJ2_P4_ROS_Groep1/universal_robots_ws/src/my_universal_robots/image_processor/image_processor/include/image_processor/image_processor.h:4[m[K,
                 from [01m[K/home/student/LJ2_P4_ROS_Groep1/universal_robots_ws/src/my_universal_robots/image_processor/image_processor/src/image_processor.cpp:1[m[K:
[01m[K/usr/include/x86_64-linux-gnu/bits/mathcalls.h:220:1:[m[K [01;36m[Knote: [m[Kprevious declaration â€˜[01m[Kdouble y0(double)[m[Kâ€™
 [01;36m[K_[m[K_MATHCALL (y0,, (_Mdouble_));
 [01;36m[K^[m[K
[01m[K/home/student/LJ2_P4_ROS_Groep1/universal_robots_ws/src/my_universal_robots/image_processor/image_processor/src/image_processor.cpp:[m[K In member function â€˜[01m[Kvoid ImageProcessor::process()[m[Kâ€™:
[01m[K/home/student/LJ2_P4_ROS_Groep1/universal_robots_ws/src/my_universal_robots/image_processor/image_processor/src/image_processor.cpp:325:36:[m[K [01;31m[Kerror: [m[Kassignment of function â€˜[01m[Kdouble y0(double)[m[Kâ€™
               y0 = keypoints[0].pt.[01;31m[Ky[m[K;
                                    [01;31m[K^[m[K
[01m[K/home/student/LJ2_P4_ROS_Groep1/universal_robots_ws/src/my_universal_robots/image_processor/image_processor/src/image_processor.cpp:325:36:[m[K [01;31m[Kerror: [m[Kcannot convert â€˜[01m[Kfloat[m[Kâ€™ to â€˜[01m[Kdouble(double) throw ()[m[Kâ€™ in assignment
make[2]: *** [CMakeFiles/image_processor_node.dir/src/image_processor.cpp.o] Error 1
make[2]: *** Waiting for unfinished jobs....
[01m[K/home/student/LJ2_P4_ROS_Groep1/universal_robots_ws/src/my_universal_robots/image_processor/image_processor/src/image_processor_node.cpp:[m[K In member function â€˜[01m[Kvoid ImageProcessorRos::publish()[m[Kâ€™:
[01m[K/home/student/LJ2_P4_ROS_Groep1/universal_robots_ws/src/my_universal_robots/image_processor/image_processor/src/image_processor_node.cpp:106:31:[m[K [01;31m[Kerror: [m[Kâ€˜[01m[Kx0[m[Kâ€™ was not declared in this scope
       visionpose.position.x = [01;31m[Kx0[m[K;
                               [01;31m[K^~[m[K
[01m[K/home/student/LJ2_P4_ROS_Groep1/universal_robots_ws/src/my_universal_robots/image_processor/image_processor/src/image_processor_node.cpp:106:31:[m[K [01;36m[Knote: [m[Ksuggested alternative: â€˜[01m[Ky0[m[Kâ€™
       visionpose.position.x = [01;36m[Kx0[m[K;
                               [01;36m[K^~[m[K
                               [32m[Ky0[m[K
[01m[K/home/student/LJ2_P4_ROS_Groep1/universal_robots_ws/src/my_universal_robots/image_processor/image_processor/src/image_processor_node.cpp:107:31:[m[K [01;31m[Kerror: [m[Kcannot convert â€˜[01m[Kdouble(double) throw ()[m[Kâ€™ to â€˜[01m[Kgeometry_msgs::Point_<std::allocator<void> >::_y_type {aka double}[m[Kâ€™ in assignment
       visionpose.position.y = [01;31m[Ky0[m[K;
                               [01;31m[K^~[m[K
[01m[K/home/student/LJ2_P4_ROS_Groep1/universal_robots_ws/src/my_universal_robots/image_processor/image_processor/src/image_processor_node.cpp:111:34:[m[K [01;31m[Kerror: [m[Kâ€˜[01m[Kangle[m[Kâ€™ was not declared in this scope
       myQuaternion.setRPY( 0, 0, [01;31m[Kangle[m[K );  // Create this quaternion from roll/pitch/yaw (in radians)
                                  [01;31m[K^~~~~[m[K
[01m[K/home/student/LJ2_P4_ROS_Groep1/universal_robots_ws/src/my_universal_robots/image_processor/image_processor/src/image_processor_node.cpp:111:34:[m[K [01;36m[Knote: [m[Ksuggested alternative:
In file included from [01m[K/home/student/LJ2_P4_ROS_Groep1/universal_robots_ws/src/my_universal_robots/image_processor/image_processor/src/image_processor_node.cpp:7:0[m[K:
[01m[K/opt/ros/melodic/include/tf2/LinearMath/Quaternion.h:405:1:[m[K [01;36m[Knote: [m[K  â€˜[01m[Ktf2::angle[m[Kâ€™
 [01;36m[Kangle[m[K(const Quaternion& q1, const Quaternion& q2)
 [01;36m[K^~~~~[m[K
make[2]: *** [CMakeFiles/image_processor_node.dir/src/image_processor_node.cpp.o] Error 1
make[1]: *** [CMakeFiles/image_processor_node.dir/all] Error 2
make: *** [all] Error 2
