[01m[K/home/student/LJ2_P4_ROS_Groep1/universal_robots_ws/src/my_universal_robots/image_processor/image_processor/src/image_processor.cpp:410:5:[m[K [01;31m[Kerror: [m[Kâ€˜[01m[Kcv_mat_ptr_in_[m[Kâ€™ does not name a type; did you mean â€˜[01m[KcvReadString[m[Kâ€™?
     [01;31m[Kcv_mat_ptr_in_[m[K = nullptr;
     [01;31m[K^~~~~~~~~~~~~~[m[K
     [32m[KcvReadString[m[K
[01m[K/home/student/LJ2_P4_ROS_Groep1/universal_robots_ws/src/my_universal_robots/image_processor/image_processor/src/image_processor.cpp:411:1:[m[K [01;31m[Kerror: [m[Kexpected declaration before â€˜[01m[K}[m[Kâ€™ token
 [01;31m[K}[m[K
 [01;31m[K^[m[K
make[2]: *** [CMakeFiles/image_processor_node.dir/src/image_processor.cpp.o] Error 1
make[1]: *** [CMakeFiles/image_processor_node.dir/all] Error 2
make: *** [all] Error 2
