[01m[K/home/student/LJ2_P4_ROS_Groep1/universal_robots_ws/src/my_universal_robots/image_processor/image_processor/src/image_processor.cpp:[m[K In member function â€˜[01m[Kvoid ImageProcessor::process()[m[Kâ€™:
[01m[K/home/student/LJ2_P4_ROS_Groep1/universal_robots_ws/src/my_universal_robots/image_processor/image_processor/src/image_processor.cpp:325:15:[m[K [01;31m[Kerror: [m[Kâ€˜[01m[Kxtest[m[Kâ€™ was not declared in this scope
               [01;31m[Kxtest[m[K = keypoints[0].pt.x;
               [01;31m[K^~~~~[m[K
[01m[K/home/student/LJ2_P4_ROS_Groep1/universal_robots_ws/src/my_universal_robots/image_processor/image_processor/src/image_processor.cpp:326:15:[m[K [01;31m[Kerror: [m[Kâ€˜[01m[Kytest[m[Kâ€™ was not declared in this scope
               [01;31m[Kytest[m[K = keypoints[0].pt.y;
               [01;31m[K^~~~~[m[K
make[2]: *** [CMakeFiles/image_processor_node.dir/src/image_processor.cpp.o] Error 1
make[1]: *** [CMakeFiles/image_processor_node.dir/all] Error 2
make: *** [all] Error 2
