[35m[1mScanning dependencies of target image_processor_node[0m
[ 33%] [32mBuilding CXX object CMakeFiles/image_processor_node.dir/src/image_processor.cpp.o[0m
[01m[K/home/student/LJ2_P4_ROS_Groep1/universal_robots_ws/src/my_universal_robots/image_processor/image_processor/src/image_processor.cpp:[m[K In member function â€˜[01m[Kvoid ImageProcessor::process()[m[Kâ€™:
[01m[K/home/student/LJ2_P4_ROS_Groep1/universal_robots_ws/src/my_universal_robots/image_processor/image_processor/src/image_processor.cpp:44:43:[m[K [01;31m[Kerror: [m[Kâ€˜[01m[Kimage[m[Kâ€™ was not declared in this scope
     cv::Mat cv_mat_out_(cv_mat_out_.rows, [01;31m[Kimage[m[K.cols, CV_8UC3);
                                           [01;31m[K^~~~~[m[K
[01m[K/home/student/LJ2_P4_ROS_Groep1/universal_robots_ws/src/my_universal_robots/image_processor/image_processor/src/image_processor.cpp:44:43:[m[K [01;36m[Knote: [m[Ksuggested alternative: â€˜[01m[Ktimegm[m[Kâ€™
     cv::Mat cv_mat_out_(cv_mat_out_.rows, [01;36m[Kimage[m[K.cols, CV_8UC3);
                                           [01;36m[K^~~~~[m[K
                                           [32m[Ktimegm[m[K
CMakeFiles/image_processor_node.dir/build.make:62: recipe for target 'CMakeFiles/image_processor_node.dir/src/image_processor.cpp.o' failed
make[2]: *** [CMakeFiles/image_processor_node.dir/src/image_processor.cpp.o] Error 1
CMakeFiles/Makefile2:995: recipe for target 'CMakeFiles/image_processor_node.dir/all' failed
make[1]: *** [CMakeFiles/image_processor_node.dir/all] Error 2
Makefile:140: recipe for target 'all' failed
make: *** [all] Error 2
