[01m[K/home/student/LJ2_P4_ROS_Groep1/universal_robots_ws/src/my_universal_robots/image_processor/image_processor/src/image_processor.cpp:[m[K In member function â€˜[01m[Kcv::Mat ImageProcessor::getOutputImage()[m[Kâ€™:
[01m[K/home/student/LJ2_P4_ROS_Groep1/universal_robots_ws/src/my_universal_robots/image_processor/image_processor/src/image_processor.cpp:389:10:[m[K [01;31m[Kerror: [m[Kâ€˜[01m[Kx0[m[Kâ€™ was not declared in this scope
   return [01;31m[Kx0[m[K;
          [01;31m[K^~[m[K
[01m[K/home/student/LJ2_P4_ROS_Groep1/universal_robots_ws/src/my_universal_robots/image_processor/image_processor/src/image_processor.cpp:389:10:[m[K [01;36m[Knote: [m[Ksuggested alternative: â€˜[01m[Ky0[m[Kâ€™
   return [01;36m[Kx0[m[K;
          [01;36m[K^~[m[K
          [32m[Ky0[m[K
[01m[K/home/student/LJ2_P4_ROS_Groep1/universal_robots_ws/src/my_universal_robots/image_processor/image_processor/src/image_processor.cpp:390:10:[m[K [01;31m[Kerror: [m[Kcould not convert â€˜[01m[Ky0[m[Kâ€™ from â€˜[01m[Kdouble(double) throw ()[m[Kâ€™ to â€˜[01m[Kcv::Mat[m[Kâ€™
   return [01;31m[Ky0[m[K;
          [01;31m[K^~[m[K
make[2]: *** [CMakeFiles/image_processor_node.dir/src/image_processor.cpp.o] Error 1
make[1]: *** [CMakeFiles/image_processor_node.dir/all] Error 2
make: *** [all] Error 2
