[01m[K/home/student/LJ2_P4_ROS_Groep1/universal_robots_ws/src/my_universal_robots/image_processor/image_processor/src/image_processor.cpp:[m[K In member function â€˜[01m[Kvoid ImageProcessor::process()[m[Kâ€™:
[01m[K/home/student/LJ2_P4_ROS_Groep1/universal_robots_ws/src/my_universal_robots/image_processor/image_processor/src/image_processor.cpp:103:10:[m[K [01;31m[Kerror: [m[Kâ€˜[01m[KminRect[m[Kâ€™ was not declared in this scope
          [01;31m[KminRect[m[K[i] = minAreaRect( contours[i] );
          [01;31m[K^~~~~~~[m[K
[01m[K/home/student/LJ2_P4_ROS_Groep1/universal_robots_ws/src/my_universal_robots/image_processor/image_processor/src/image_processor.cpp:103:10:[m[K [01;36m[Knote: [m[Ksuggested alternative: â€˜[01m[KcvRect[m[Kâ€™
          [01;36m[KminRect[m[K[i] = minAreaRect( contours[i] );
          [01;36m[K^~~~~~~[m[K
          [32m[KcvRect[m[K
[01m[K/home/student/LJ2_P4_ROS_Groep1/universal_robots_ws/src/my_universal_robots/image_processor/image_processor/src/image_processor.cpp:105:14:[m[K [01;31m[Kerror: [m[Kâ€˜[01m[KminEllipse[m[Kâ€™ was not declared in this scope
              [01;31m[KminEllipse[m[K[i] = fitEllipse( contours[i] );
              [01;31m[K^~~~~~~~~~[m[K
[01m[K/home/student/LJ2_P4_ROS_Groep1/universal_robots_ws/src/my_universal_robots/image_processor/image_processor/src/image_processor.cpp:105:14:[m[K [01;36m[Knote: [m[Ksuggested alternative: â€˜[01m[KcvEllipse[m[Kâ€™
              [01;36m[KminEllipse[m[K[i] = fitEllipse( contours[i] );
              [01;36m[K^~~~~~~~~~[m[K
              [32m[KcvEllipse[m[K
[01m[K/home/student/LJ2_P4_ROS_Groep1/universal_robots_ws/src/my_universal_robots/image_processor/image_processor/src/image_processor.cpp:108:14:[m[K [01;31m[Kerror: [m[Kno match for â€˜[01m[Koperator=[m[Kâ€™ (operand types are â€˜[01m[Kcv::Mat[m[Kâ€™ and â€˜[01m[Kstd::vector<std::vector<cv::Point_<int> > >[m[Kâ€™)
 cv_mat_out_= [01;31m[Kcontours[m[K;
              [01;31m[K^~~~~~~~[m[K
In file included from [01m[K/usr/include/opencv2/core/mat.hpp:3518:0[m[K,
                 from [01m[K/usr/include/opencv2/core.hpp:59[m[K,
                 from [01m[K/usr/include/opencv2/opencv.hpp:52[m[K,
                 from [01m[K/home/student/LJ2_P4_ROS_Groep1/universal_robots_ws/src/my_universal_robots/image_processor/image_processor/include/image_processor/image_processor.h:4[m[K,
                 from [01m[K/home/student/LJ2_P4_ROS_Groep1/universal_robots_ws/src/my_universal_robots/image_processor/image_processor/src/image_processor.cpp:1[m[K:
[01m[K/usr/include/opencv2/core/mat.inl.hpp:596:6:[m[K [01;36m[Knote: [m[Kcandidate: cv::Mat& cv::Mat::operator=(const cv::Mat&)
 Mat& [01;36m[KMat[m[K::operator = (const Mat& m)
      [01;36m[K^~~[m[K
[01m[K/usr/include/opencv2/core/mat.inl.hpp:596:6:[m[K [01;36m[Knote: [m[K  no known conversion for argument 1 from â€˜[01m[Kstd::vector<std::vector<cv::Point_<int> > >[m[Kâ€™ to â€˜[01m[Kconst cv::Mat&[m[Kâ€™
[01m[K/usr/include/opencv2/core/mat.inl.hpp:3104:6:[m[K [01;36m[Knote: [m[Kcandidate: cv::Mat& cv::Mat::operator=(const cv::MatExpr&)
 Mat& [01;36m[KMat[m[K::operator = (const MatExpr& e)
      [01;36m[K^~~[m[K
[01m[K/usr/include/opencv2/core/mat.inl.hpp:3104:6:[m[K [01;36m[Knote: [m[K  no known conversion for argument 1 from â€˜[01m[Kstd::vector<std::vector<cv::Point_<int> > >[m[Kâ€™ to â€˜[01m[Kconst cv::MatExpr&[m[Kâ€™
In file included from [01m[K/usr/include/opencv2/core.hpp:59:0[m[K,
                 from [01m[K/usr/include/opencv2/opencv.hpp:52[m[K,
                 from [01m[K/home/student/LJ2_P4_ROS_Groep1/universal_robots_ws/src/my_universal_robots/image_processor/image_processor/include/image_processor/image_processor.h:4[m[K,
                 from [01m[K/home/student/LJ2_P4_ROS_Groep1/universal_robots_ws/src/my_universal_robots/image_processor/image_processor/src/image_processor.cpp:1[m[K:
[01m[K/usr/include/opencv2/core/mat.hpp:1154:10:[m[K [01;36m[Knote: [m[Kcandidate: cv::Mat& cv::Mat::operator=(const Scalar&)
     Mat& [01;36m[Koperator[m[K = (const Scalar& s);
          [01;36m[K^~~~~~~~[m[K
[01m[K/usr/include/opencv2/core/mat.hpp:1154:10:[m[K [01;36m[Knote: [m[K  no known conversion for argument 1 from â€˜[01m[Kstd::vector<std::vector<cv::Point_<int> > >[m[Kâ€™ to â€˜[01m[Kconst Scalar& {aka const cv::Scalar_<double>&}[m[Kâ€™
In file included from [01m[K/usr/include/opencv2/core/mat.hpp:3518:0[m[K,
                 from [01m[K/usr/include/opencv2/core.hpp:59[m[K,
                 from [01m[K/usr/include/opencv2/opencv.hpp:52[m[K,
                 from [01m[K/home/student/LJ2_P4_ROS_Groep1/universal_robots_ws/src/my_universal_robots/image_processor/image_processor/include/image_processor/image_processor.h:4[m[K,
                 from [01m[K/home/student/LJ2_P4_ROS_Groep1/universal_robots_ws/src/my_universal_robots/image_processor/image_processor/src/image_processor.cpp:1[m[K:
[01m[K/usr/include/opencv2/core/mat.inl.hpp:1204:6:[m[K [01;36m[Knote: [m[Kcandidate: cv::Mat& cv::Mat::operator=(cv::Mat&&)
 Mat& [01;36m[KMat[m[K::operator = (Mat&& m)
      [01;36m[K^~~[m[K
[01m[K/usr/include/opencv2/core/mat.inl.hpp:1204:6:[m[K [01;36m[Knote: [m[K  no known conversion for argument 1 from â€˜[01m[Kstd::vector<std::vector<cv::Point_<int> > >[m[Kâ€™ to â€˜[01m[Kcv::Mat&&[m[Kâ€™
[01m[K/home/student/LJ2_P4_ROS_Groep1/universal_robots_ws/src/my_universal_robots/image_processor/image_processor/src/image_processor.cpp:118:33:[m[K [01;31m[Kerror: [m[Kqualified-id in declaration before â€˜[01m[K([m[Kâ€™ token
 void ImageProcessor::draw_circle[01;31m[K([m[Kconst cv::Point & center, int radius, bool draw_center_coordinates)
                                 [01;31m[K^[m[K
[01m[K/home/student/LJ2_P4_ROS_Groep1/universal_robots_ws/src/my_universal_robots/image_processor/image_processor/src/image_processor.cpp:135:39:[m[K [01;31m[Kerror: [m[Kqualified-id in declaration before â€˜[01m[K([m[Kâ€™ token
 cv::Mat ImageProcessor::getOutputImage[01;31m[K([m[K){
                                       [01;31m[K^[m[K
[01m[K/home/student/LJ2_P4_ROS_Groep1/universal_robots_ws/src/my_universal_robots/image_processor/image_processor/src/image_processor.cpp:139:42:[m[K [01;31m[Kerror: [m[Kqualified-id in declaration before â€˜[01m[K([m[Kâ€™ token
 cv::Point ImageProcessor::getCircleCenter[01;31m[K([m[K){
                                          [01;31m[K^[m[K
[01m[K/home/student/LJ2_P4_ROS_Groep1/universal_robots_ws/src/my_universal_robots/image_processor/image_processor/src/image_processor.cpp:141:1:[m[K [01;31m[Kerror: [m[Kexpected â€˜[01m[K}[m[Kâ€™ at end of input
 [01;31m[K}[m[K
 [01;31m[K^[m[K
make[2]: *** [CMakeFiles/image_processor_node.dir/src/image_processor.cpp.o] Error 1
make[1]: *** [CMakeFiles/image_processor_node.dir/all] Error 2
make: *** [all] Error 2
