[01m[K/home/student/LJ2_P4_ROS_Groep1/universal_robots_ws/src/my_universal_robots/image_processor/image_processor/src/image_processor.cpp:[m[K In member function â€˜[01m[Kvoid ImageProcessor::process()[m[Kâ€™:
[01m[K/home/student/LJ2_P4_ROS_Groep1/universal_robots_ws/src/my_universal_robots/image_processor/image_processor/src/image_processor.cpp:93:3:[m[K [01;31m[Kerror: [m[Kâ€˜[01m[KRNG[m[Kâ€™ was not declared in this scope
   [01;31m[KRNG[m[K rng(12345);
   [01;31m[K^~~[m[K
[01m[K/home/student/LJ2_P4_ROS_Groep1/universal_robots_ws/src/my_universal_robots/image_processor/image_processor/src/image_processor.cpp:93:3:[m[K [01;36m[Knote: [m[Ksuggested alternative:
In file included from [01m[K/usr/include/opencv2/opencv.hpp:52:0[m[K,
                 from [01m[K/home/student/LJ2_P4_ROS_Groep1/universal_robots_ws/src/my_universal_robots/image_processor/image_processor/include/image_processor/image_processor.h:4[m[K,
                 from [01m[K/home/student/LJ2_P4_ROS_Groep1/universal_robots_ws/src/my_universal_robots/image_processor/image_processor/src/image_processor.cpp:1[m[K:
[01m[K/usr/include/opencv2/core.hpp:2689:18:[m[K [01;36m[Knote: [m[K  â€˜[01m[Kcv::RNG[m[Kâ€™
 class CV_EXPORTS [01;36m[KRNG[m[K
                  [01;36m[K^~~[m[K
[01m[K/home/student/LJ2_P4_ROS_Groep1/universal_robots_ws/src/my_universal_robots/image_processor/image_processor/src/image_processor.cpp:96:35:[m[K [01;31m[Kerror: [m[Kâ€˜[01m[Krng[m[Kâ€™ was not declared in this scope
     cv::Scalar color = cv::Scalar([01;31m[Krng[m[K.uniform(50, 255), rng.uniform(50,255), rng.uniform(50,255));
                                   [01;31m[K^~~[m[K
make[2]: *** [CMakeFiles/image_processor_node.dir/src/image_processor.cpp.o] Error 1
make[1]: *** [CMakeFiles/image_processor_node.dir/all] Error 2
make: *** [all] Error 2
