[01m[K/home/student/LJ2_P4_ROS_Groep1/universal_robots_ws/src/my_universal_robots/image_processor/image_processor/src/image_processor.cpp:[m[K In member function â€˜[01m[Kvoid ImageProcessor::process()[m[Kâ€™:
[01m[K/home/student/LJ2_P4_ROS_Groep1/universal_robots_ws/src/my_universal_robots/image_processor/image_processor/src/image_processor.cpp:392:5:[m[K [01;31m[Kerror: [m[Kâ€˜[01m[Karea[m[Kâ€™ was not declared in this scope
 if ([01;31m[Karea[m[K > 3000){
     [01;31m[K^~~~[m[K
[01m[K/home/student/LJ2_P4_ROS_Groep1/universal_robots_ws/src/my_universal_robots/image_processor/image_processor/src/image_processor.cpp:392:5:[m[K [01;36m[Knote: [m[Ksuggested alternative: â€˜[01m[Kdrem[m[Kâ€™
 if ([01;36m[Karea[m[K > 3000){
     [01;36m[K^~~~[m[K
     [32m[Kdrem[m[K
make[2]: *** [CMakeFiles/image_processor_node.dir/src/image_processor.cpp.o] Error 1
make[1]: *** [CMakeFiles/image_processor_node.dir/all] Error 2
make: *** [all] Error 2
