[01m[K/home/student/LJ2_P4_ROS_Groep1/universal_robots_ws/src/my_universal_robots/image_processor/image_processor/src/image_processor.cpp:[m[K In member function â€˜[01m[Kvoid ImageProcessor::process()[m[Kâ€™:
[01m[K/home/student/LJ2_P4_ROS_Groep1/universal_robots_ws/src/my_universal_robots/image_processor/image_processor/src/image_processor.cpp:88:72:[m[K [01;31m[Kerror: [m[Kâ€˜[01m[Kmask1[m[Kâ€™ was not declared in this scope
     inRange(cv_mat_out_, cv::Scalar(0, 65, 75), cv::Scalar(1, 70, 80), [01;31m[Kmask1[m[K);
                                                                        [01;31m[K^~~~~[m[K
[01m[K/home/student/LJ2_P4_ROS_Groep1/universal_robots_ws/src/my_universal_robots/image_processor/image_processor/src/image_processor.cpp:89:78:[m[K [01;31m[Kerror: [m[Kâ€˜[01m[Kmask2[m[Kâ€™ was not declared in this scope
     inRange(cv_mat_out_, cv::Scalar(100, 90, 70), cv::Scalar(120, 255, 255), [01;31m[Kmask2[m[K);
                                                                              [01;31m[K^~~~~[m[K
[01m[K/home/student/LJ2_P4_ROS_Groep1/universal_robots_ws/src/my_universal_robots/image_processor/image_processor/src/image_processor.cpp:89:78:[m[K [01;36m[Knote: [m[Ksuggested alternative: â€˜[01m[Kfmaf32[m[Kâ€™
     inRange(cv_mat_out_, cv::Scalar(100, 90, 70), cv::Scalar(120, 255, 255), [01;36m[Kmask2[m[K);
                                                                              [01;36m[K^~~~~[m[K
                                                                              [32m[Kfmaf32[m[K
[01m[K/home/student/LJ2_P4_ROS_Groep1/universal_robots_ws/src/my_universal_robots/image_processor/image_processor/src/image_processor.cpp:138:13:[m[K [01;31m[Kerror: [m[Kâ€˜[01m[KKeyPoint[m[Kâ€™ was not declared in this scope
 std::vector<[01;31m[KKeyPoint[m[K> head::KeyPoints()
             [01;31m[K^~~~~~~~[m[K
[01m[K/home/student/LJ2_P4_ROS_Groep1/universal_robots_ws/src/my_universal_robots/image_processor/image_processor/src/image_processor.cpp:138:13:[m[K [01;36m[Knote: [m[Ksuggested alternative:
In file included from [01m[K/usr/include/opencv2/core.hpp:58:0[m[K,
                 from [01m[K/usr/include/opencv2/opencv.hpp:52[m[K,
                 from [01m[K/home/student/LJ2_P4_ROS_Groep1/universal_robots_ws/src/my_universal_robots/image_processor/image_processor/include/image_processor/image_processor.h:4[m[K,
                 from [01m[K/home/student/LJ2_P4_ROS_Groep1/universal_robots_ws/src/my_universal_robots/image_processor/image_processor/src/image_processor.cpp:1[m[K:
[01m[K/usr/include/opencv2/core/types.hpp:641:27:[m[K [01;36m[Knote: [m[K  â€˜[01m[Kcv::KeyPoint[m[Kâ€™
 class CV_EXPORTS_W_SIMPLE [01;36m[KKeyPoint[m[K
                           [01;36m[K^~~~~~~~[m[K
[01m[K/home/student/LJ2_P4_ROS_Groep1/universal_robots_ws/src/my_universal_robots/image_processor/image_processor/src/image_processor.cpp:138:21:[m[K [01;31m[Kerror: [m[Ktemplate argument 1 is invalid
 std::vector<KeyPoint[01;31m[K>[m[K head::KeyPoints()
                     [01;31m[K^[m[K
[01m[K/home/student/LJ2_P4_ROS_Groep1/universal_robots_ws/src/my_universal_robots/image_processor/image_processor/src/image_processor.cpp:138:21:[m[K [01;31m[Kerror: [m[Ktemplate argument 2 is invalid
[01m[K/home/student/LJ2_P4_ROS_Groep1/universal_robots_ws/src/my_universal_robots/image_processor/image_processor/src/image_processor.cpp:138:23:[m[K [01;31m[Kerror: [m[Kâ€˜[01m[Khead[m[Kâ€™ has not been declared
 std::vector<KeyPoint> [01;31m[Khead[m[K::KeyPoints()
                       [01;31m[K^~~~[m[K
[01m[K/home/student/LJ2_P4_ROS_Groep1/universal_robots_ws/src/my_universal_robots/image_processor/image_processor/src/image_processor.cpp:138:38:[m[K [01;31m[Kerror: [m[Kqualified-id in declaration before â€˜[01m[K([m[Kâ€™ token
 std::vector<KeyPoint> head::KeyPoints[01;31m[K([m[K)
                                      [01;31m[K^[m[K
make[2]: *** [CMakeFiles/image_processor_node.dir/src/image_processor.cpp.o] Error 1
make[1]: *** [CMakeFiles/image_processor_node.dir/all] Error 2
make: *** [all] Error 2
