[35m[1mScanning dependencies of target image_processor_node[0m
[ 33%] [32mBuilding CXX object CMakeFiles/image_processor_node.dir/src/image_processor.cpp.o[0m
[01m[K/home/student/LJ2_P4_ROS_Groep1/universal_robots_ws/src/my_universal_robots/image_processor/image_processor/src/image_processor.cpp:[m[K In member function â€˜[01m[Kvoid ImageProcessor::process()[m[Kâ€™:
[01m[K/home/student/LJ2_P4_ROS_Groep1/universal_robots_ws/src/my_universal_robots/image_processor/image_processor/src/image_processor.cpp:258:33:[m[K [01;31m[Kerror: [m[Kqualified-id in declaration before â€˜[01m[K([m[Kâ€™ token
 void ImageProcessor::draw_circle[01;31m[K([m[Kconst cv::Point & center, int radius, bool draw_center_coordinates)
                                 [01;31m[K^[m[K
[01m[K/home/student/LJ2_P4_ROS_Groep1/universal_robots_ws/src/my_universal_robots/image_processor/image_processor/src/image_processor.cpp:275:39:[m[K [01;31m[Kerror: [m[Kqualified-id in declaration before â€˜[01m[K([m[Kâ€™ token
 cv::Mat ImageProcessor::getOutputImage[01;31m[K([m[K){
                                       [01;31m[K^[m[K
[01m[K/home/student/LJ2_P4_ROS_Groep1/universal_robots_ws/src/my_universal_robots/image_processor/image_processor/src/image_processor.cpp:279:42:[m[K [01;31m[Kerror: [m[Kqualified-id in declaration before â€˜[01m[K([m[Kâ€™ token
 cv::Point ImageProcessor::getCircleCenter[01;31m[K([m[K){
                                          [01;31m[K^[m[K
[01m[K/home/student/LJ2_P4_ROS_Groep1/universal_robots_ws/src/my_universal_robots/image_processor/image_processor/src/image_processor.cpp:281:1:[m[K [01;31m[Kerror: [m[Kexpected â€˜[01m[K}[m[Kâ€™ at end of input
 [01;31m[K}[m[K
 [01;31m[K^[m[K
CMakeFiles/image_processor_node.dir/build.make:62: recipe for target 'CMakeFiles/image_processor_node.dir/src/image_processor.cpp.o' failed
make[2]: *** [CMakeFiles/image_processor_node.dir/src/image_processor.cpp.o] Error 1
CMakeFiles/Makefile2:995: recipe for target 'CMakeFiles/image_processor_node.dir/all' failed
Makefile:140: recipe for target 'all' failed
make[1]: *** [CMakeFiles/image_processor_node.dir/all] Error 2
make: *** [all] Error 2
