[01m[K/home/student/LJ2_P4_ROS_Groep1/universal_robots_ws/src/my_universal_robots/image_processor/image_processor/src/image_processor.cpp:[m[K In member function â€˜[01m[Kvoid ImageProcessor::process()[m[Kâ€™:
[01m[K/home/student/LJ2_P4_ROS_Groep1/universal_robots_ws/src/my_universal_robots/image_processor/image_processor/src/image_processor.cpp:87:3:[m[K [01;31m[Kerror: [m[Kâ€˜[01m[Kvector[m[Kâ€™ was not declared in this scope
   [01;31m[Kvector[m[K<vector<Point> > contours;
   [01;31m[K^~~~~~[m[K
[01m[K/home/student/LJ2_P4_ROS_Groep1/universal_robots_ws/src/my_universal_robots/image_processor/image_processor/src/image_processor.cpp:87:3:[m[K [01;36m[Knote: [m[Ksuggested alternative:
In file included from [01m[K/usr/include/c++/7/vector:64:0[m[K,
                 from [01m[K/usr/include/opencv2/core/types.hpp:53[m[K,
                 from [01m[K/usr/include/opencv2/core.hpp:58[m[K,
                 from [01m[K/usr/include/opencv2/opencv.hpp:52[m[K,
                 from [01m[K/home/student/LJ2_P4_ROS_Groep1/universal_robots_ws/src/my_universal_robots/image_processor/image_processor/include/image_processor/image_processor.h:4[m[K,
                 from [01m[K/home/student/LJ2_P4_ROS_Groep1/universal_robots_ws/src/my_universal_robots/image_processor/image_processor/src/image_processor.cpp:1[m[K:
[01m[K/usr/include/c++/7/bits/stl_vector.h:216:11:[m[K [01;36m[Knote: [m[K  â€˜[01m[Kstd::vector[m[Kâ€™
     class [01;36m[Kvector[m[K : protected _Vector_base<_Tp, _Alloc>
           [01;36m[K^~~~~~[m[K
[01m[K/home/student/LJ2_P4_ROS_Groep1/universal_robots_ws/src/my_universal_robots/image_processor/image_processor/src/image_processor.cpp:87:17:[m[K [01;31m[Kerror: [m[Kâ€˜[01m[KPoint[m[Kâ€™ was not declared in this scope
   vector<vector<[01;31m[KPoint[m[K> > contours;
                 [01;31m[K^~~~~[m[K
[01m[K/home/student/LJ2_P4_ROS_Groep1/universal_robots_ws/src/my_universal_robots/image_processor/image_processor/src/image_processor.cpp:87:17:[m[K [01;36m[Knote: [m[Ksuggested alternative:
In file included from [01m[K/usr/include/opencv2/core.hpp:58:0[m[K,
                 from [01m[K/usr/include/opencv2/opencv.hpp:52[m[K,
                 from [01m[K/home/student/LJ2_P4_ROS_Groep1/universal_robots_ws/src/my_universal_robots/image_processor/image_processor/include/image_processor/image_processor.h:4[m[K,
                 from [01m[K/home/student/LJ2_P4_ROS_Groep1/universal_robots_ws/src/my_universal_robots/image_processor/image_processor/src/image_processor.cpp:1[m[K:
[01m[K/usr/include/opencv2/core/types.hpp:183:17:[m[K [01;36m[Knote: [m[K  â€˜[01m[Kcv::Point[m[Kâ€™
 typedef Point2i [01;36m[KPoint[m[K;
                 [01;36m[K^~~~~[m[K
[01m[K/home/student/LJ2_P4_ROS_Groep1/universal_robots_ws/src/my_universal_robots/image_processor/image_processor/src/image_processor.cpp:87:24:[m[K [01;31m[Kerror: [m[Kexpected primary-expression before â€˜[01m[K>[m[Kâ€™ token
   vector<vector<Point> [01;31m[K>[m[K contours;
                        [01;31m[K^[m[K
[01m[K/home/student/LJ2_P4_ROS_Groep1/universal_robots_ws/src/my_universal_robots/image_processor/image_processor/src/image_processor.cpp:87:26:[m[K [01;31m[Kerror: [m[Kâ€˜[01m[Kcontours[m[Kâ€™ was not declared in this scope
   vector<vector<Point> > [01;31m[Kcontours[m[K;
                          [01;31m[K^~~~~~~~[m[K
[01m[K/home/student/LJ2_P4_ROS_Groep1/universal_robots_ws/src/my_universal_robots/image_processor/image_processor/src/image_processor.cpp:87:26:[m[K [01;36m[Knote: [m[Ksuggested alternative: â€˜[01m[KCvContour[m[Kâ€™
   vector<vector<Point> > [01;36m[Kcontours[m[K;
                          [01;36m[K^~~~~~~~[m[K
                          [32m[KCvContour[m[K
[01m[K/home/student/LJ2_P4_ROS_Groep1/universal_robots_ws/src/my_universal_robots/image_processor/image_processor/src/image_processor.cpp:88:10:[m[K [01;31m[Kerror: [m[Kâ€˜[01m[KVec4i[m[Kâ€™ was not declared in this scope
   vector<[01;31m[KVec4i[m[K> hierarchy;
          [01;31m[K^~~~~[m[K
[01m[K/home/student/LJ2_P4_ROS_Groep1/universal_robots_ws/src/my_universal_robots/image_processor/image_processor/src/image_processor.cpp:88:10:[m[K [01;36m[Knote: [m[Ksuggested alternative:
In file included from [01m[K/usr/include/opencv2/core.hpp:57:0[m[K,
                 from [01m[K/usr/include/opencv2/opencv.hpp:52[m[K,
                 from [01m[K/home/student/LJ2_P4_ROS_Groep1/universal_robots_ws/src/my_universal_robots/image_processor/image_processor/include/image_processor/image_processor.h:4[m[K,
                 from [01m[K/home/student/LJ2_P4_ROS_Groep1/universal_robots_ws/src/my_universal_robots/image_processor/image_processor/src/image_processor.cpp:1[m[K:
[01m[K/usr/include/opencv2/core/matx.hpp:377:21:[m[K [01;36m[Knote: [m[K  â€˜[01m[Kcv::Vec4i[m[Kâ€™
 typedef Vec<int, 4> [01;36m[KVec4i[m[K;
                     [01;36m[K^~~~~[m[K
[01m[K/home/student/LJ2_P4_ROS_Groep1/universal_robots_ws/src/my_universal_robots/image_processor/image_processor/src/image_processor.cpp:88:17:[m[K [01;31m[Kerror: [m[Kâ€˜[01m[Khierarchy[m[Kâ€™ was not declared in this scope
   vector<Vec4i> [01;31m[Khierarchy[m[K;
                 [01;31m[K^~~~~~~~~[m[K
[01m[K/home/student/LJ2_P4_ROS_Groep1/universal_robots_ws/src/my_universal_robots/image_processor/image_processor/src/image_processor.cpp:88:17:[m[K [01;36m[Knote: [m[Ksuggested alternative: â€˜[01m[Kbsearch[m[Kâ€™
   vector<Vec4i> [01;36m[Khierarchy[m[K;
                 [01;36m[K^~~~~~~~~[m[K
                 [32m[Kbsearch[m[K
[01m[K/home/student/LJ2_P4_ROS_Groep1/universal_robots_ws/src/my_universal_robots/image_processor/image_processor/src/image_processor.cpp:92:29:[m[K [01;31m[Kerror: [m[Kâ€˜[01m[KMat[m[Kâ€™ has not been declared
   cv::Mat imgWithContours = [01;31m[KMat[m[K::zeros(mask.rows, mask.cols, CV_8UC3);
                             [01;31m[K^~~[m[K
[01m[K/home/student/LJ2_P4_ROS_Groep1/universal_robots_ws/src/my_universal_robots/image_processor/image_processor/src/image_processor.cpp:93:3:[m[K [01;31m[Kerror: [m[Kâ€˜[01m[KRNG[m[Kâ€™ was not declared in this scope
   [01;31m[KRNG[m[K rng(12345);
   [01;31m[K^~~[m[K
[01m[K/home/student/LJ2_P4_ROS_Groep1/universal_robots_ws/src/my_universal_robots/image_processor/image_processor/src/image_processor.cpp:93:3:[m[K [01;36m[Knote: [m[Ksuggested alternative:
In file included from [01m[K/usr/include/opencv2/opencv.hpp:52:0[m[K,
                 from [01m[K/home/student/LJ2_P4_ROS_Groep1/universal_robots_ws/src/my_universal_robots/image_processor/image_processor/include/image_processor/image_processor.h:4[m[K,
                 from [01m[K/home/student/LJ2_P4_ROS_Groep1/universal_robots_ws/src/my_universal_robots/image_processor/image_processor/src/image_processor.cpp:1[m[K:
[01m[K/usr/include/opencv2/core.hpp:2689:18:[m[K [01;36m[Knote: [m[K  â€˜[01m[Kcv::RNG[m[Kâ€™
 class CV_EXPORTS [01;36m[KRNG[m[K
                  [01;36m[K^~~[m[K
[01m[K/home/student/LJ2_P4_ROS_Groep1/universal_robots_ws/src/my_universal_robots/image_processor/image_processor/src/image_processor.cpp:96:35:[m[K [01;31m[Kerror: [m[Kâ€˜[01m[Krng[m[Kâ€™ was not declared in this scope
     cv::Scalar color = cv::Scalar([01;31m[Krng[m[K.uniform(50, 255), rng.uniform(50,255), rng.uniform(50,255));
                                   [01;31m[K^~~[m[K
make[2]: *** [CMakeFiles/image_processor_node.dir/src/image_processor.cpp.o] Error 1
make[1]: *** [CMakeFiles/image_processor_node.dir/all] Error 2
make: *** [all] Error 2
